000 (91578.000.000) 08/31 10:38:51 Job submitted from host: <192.168.100.50:7211?addrs=192.168.100.50-7211>
...
001 (91578.000.000) 08/31 10:38:52 Job executing on host: <192.168.100.52:7999?addrs=192.168.100.52-7999>
...
006 (91578.000.000) 08/31 10:39:00 Image size of job updated: 508396
	265  -  MemoryUsage of job (MB)
	270500  -  ResidentSetSize of job (KB)
...
006 (91578.000.000) 08/31 10:44:00 Image size of job updated: 508396
	265  -  MemoryUsage of job (MB)
	270524  -  ResidentSetSize of job (KB)
...
006 (91578.000.000) 08/31 10:49:01 Image size of job updated: 751808
	393  -  MemoryUsage of job (MB)
	401500  -  ResidentSetSize of job (KB)
...
006 (91578.000.000) 08/31 10:54:02 Image size of job updated: 751808
	393  -  MemoryUsage of job (MB)
	401520  -  ResidentSetSize of job (KB)
...
006 (91578.000.000) 08/31 10:59:02 Image size of job updated: 751808
	393  -  MemoryUsage of job (MB)
	401540  -  ResidentSetSize of job (KB)
...
005 (91578.000.000) 08/31 13:38:10 Job terminated.
	(1) Normal termination (return value 0)
		Usr 0 02:59:13, Sys 0 00:00:03  -  Run Remote Usage
		Usr 0 00:00:00, Sys 0 00:00:00  -  Run Local Usage
		Usr 0 02:59:13, Sys 0 00:00:03  -  Total Remote Usage
		Usr 0 00:00:00, Sys 0 00:00:00  -  Total Local Usage
	0  -  Run Bytes Sent By Job
	0  -  Run Bytes Received By Job
	0  -  Total Bytes Sent By Job
	0  -  Total Bytes Received By Job
	Partitionable Resources :    Usage  Request Allocated
	   Cpus                 :                 1         1
	   Disk (KB)            :        1        1    198128
	   Memory (MB)          :      393        1         1
...
